<?xml version="1.0" encoding="UTF-8"?>
<!-- Generated by org.testng.reporters.JUnitReportReporter -->
<testsuite skipped="0" hostname="LAPTOP-3FSGIJEU" name="com.example.AadharRegisterTest" tests="2" failures="0" timestamp="2022-10-20T14:53:52 IST" time="9.546" errors="0">
  <testcase name="ChromeBrowser" time="1.440" classname="com.example.AadharRegisterTest"/>
  <system-out/>
  <testcase name="TestRegister" time="8.106" classname="com.example.AadharRegisterTest"/>
  <system-out/>
</testsuite> <!-- com.example.AadharRegisterTest -->
