<?xml version="1.0" encoding="UTF-8"?>
<!-- Generated by org.testng.reporters.JUnitReportReporter -->
<testsuite skipped="0" hostname="LAPTOP-3FSGIJEU" name="com.example.AadharAdminTest" tests="2" failures="0" timestamp="2022-10-20T14:53:52 IST" time="16.973" errors="0">
  <testcase name="ChromeBrowser" time="2.525" classname="com.example.AadharAdminTest"/>
  <system-out/>
  <testcase name="TestHome" time="14.448" classname="com.example.AadharAdminTest"/>
  <system-out/>
</testsuite> <!-- com.example.AadharAdminTest -->
