<?xml version="1.0" encoding="UTF-8"?>
<!-- Generated by org.testng.reporters.JUnitReportReporter -->
<testsuite skipped="0" hostname="LAPTOP-3FSGIJEU" name="com.example.AadharUserTest" tests="2" failures="0" timestamp="2022-10-20T14:53:52 IST" time="12.744" errors="0">
  <testcase name="ChromeBrowser" time="1.471" classname="com.example.AadharUserTest"/>
  <system-out/>
  <testcase name="UserCheck" time="11.273" classname="com.example.AadharUserTest"/>
  <system-out/>
</testsuite> <!-- com.example.AadharUserTest -->
